<?xml version="1.0" encoding="UTF-8"?>
<!-- Generated by org.testng.reporters.JUnitReportReporter -->
<testsuite skipped="0" hostname="BGINNB006" name="com.wmAutomationArti.testCases.launchLoginPageTestCases" tests="2" failures="0" timestamp="02 Jan 2019 04:26:03 GMT" time="34.031" errors="0">
  <testcase name="launchPageVerifyAllElementsTest" time="16.232" classname="com.wmAutomationArti.testCases.launchLoginPageTestCases"/>
  <testcase name="loginWMTest" time="17.799" classname="com.wmAutomationArti.testCases.launchLoginPageTestCases"/>
</testsuite> <!-- com.wmAutomationArti.testCases.launchLoginPageTestCases -->
