<?xml version="1.0" encoding="UTF-8"?>
<!-- Generated by org.testng.reporters.JUnitReportReporter -->
<testsuite skipped="0" hostname="BGINNB006" name="com.wmAutomationArti.testCases.WhitelabelManageRolesTestCases" tests="1" failures="0" timestamp="31 Dec 2018 06:56:03 GMT" time="35.720" errors="0">
  <testcase name="ValiddateManageRolesPageUIElements" time="35.720" classname="com.wmAutomationArti.testCases.WhitelabelManageRolesTestCases"/>
</testsuite> <!-- com.wmAutomationArti.testCases.WhitelabelManageRolesTestCases -->
