<?xml version="1.0" encoding="UTF-8"?>
<!-- Generated by org.testng.reporters.JUnitReportReporter -->
<testsuite skipped="0" hostname="BGINNB006" name="com.wmAutomationArti.testCases.launchLoginPageTestCases" tests="2" failures="0" timestamp="23 Dec 2018 14:24:22 GMT" time="25.224" errors="0">
  <testcase name="launchPageVerifyAllElementsTest" time="13.473" classname="com.wmAutomationArti.testCases.launchLoginPageTestCases"/>
  <testcase name="loginWMTest" time="11.751" classname="com.wmAutomationArti.testCases.launchLoginPageTestCases"/>
</testsuite> <!-- com.wmAutomationArti.testCases.launchLoginPageTestCases -->
