<?xml version="1.0" encoding="UTF-8"?>
<!-- Generated by org.testng.reporters.JUnitReportReporter -->
<testsuite skipped="0" hostname="BGINNB006" name="com.wmAutomationArti.testCases.WhitelabelManageRolesTestCases" tests="1" failures="0" timestamp="23 Dec 2018 14:24:22 GMT" time="28.938" errors="0">
  <testcase name="ValiddateManageRolesPageUIElements" time="28.938" classname="com.wmAutomationArti.testCases.WhitelabelManageRolesTestCases"/>
</testsuite> <!-- com.wmAutomationArti.testCases.WhitelabelManageRolesTestCases -->
