<?xml version="1.0" encoding="UTF-8"?>
<!-- Generated by org.testng.reporters.JUnitReportReporter -->
<testsuite skipped="0" hostname="BGINNB006" name="com.wmAutomationArti.testCases.ManageRolesCreateRoleTestCases" tests="2" failures="0" timestamp="19 Dec 2018 13:16:32 GMT" time="68.092" errors="0">
  <testcase name="createRoleAndReset" time="32.651" classname="com.wmAutomationArti.testCases.ManageRolesCreateRoleTestCases"/>
  <testcase name="createRoleAndReset" time="35.441" classname="com.wmAutomationArti.testCases.ManageRolesCreateRoleTestCases"/>
</testsuite> <!-- com.wmAutomationArti.testCases.ManageRolesCreateRoleTestCases -->
