<?xml version="1.0" encoding="UTF-8"?>
<!-- Generated by org.testng.reporters.JUnitReportReporter -->
<testsuite skipped="0" hostname="BGINNB006" name="com.wmAutomationArti.testCases.WhitelabelManageRolesTestCases" tests="1" failures="0" timestamp="02 Jan 2019 04:26:03 GMT" time="29.430" errors="0">
  <testcase name="ValiddateManageRolesPageUIElements" time="29.430" classname="com.wmAutomationArti.testCases.WhitelabelManageRolesTestCases"/>
</testsuite> <!-- com.wmAutomationArti.testCases.WhitelabelManageRolesTestCases -->
