<?xml version="1.0" encoding="UTF-8"?>
<!-- Generated by org.testng.reporters.JUnitReportReporter -->
<testsuite hostname="BGINNB006" name="com.wmAutomationArti.testCases.loginPageTest" tests="1" failures="0" timestamp="25 Sep 2018 05:22:45 GMT" time="11.141" errors="0">
  <testcase name="loginWM" time="11.141" classname="com.wmAutomationArti.testCases.loginPageTest"/>
</testsuite> <!-- com.wmAutomationArti.testCases.loginPageTest -->
