<?xml version="1.0" encoding="UTF-8"?>
<!-- Generated by org.testng.reporters.JUnitReportReporter -->
<testsuite skipped="0" hostname="BGINNB006" name="com.wmAutomationArti.testCases.ManageRolesCreateRoleTestCases" tests="2" failures="0" timestamp="02 Jan 2019 04:26:03 GMT" time="72.817" errors="0">
  <testcase name="createRoleAndReset" time="37.665" classname="com.wmAutomationArti.testCases.ManageRolesCreateRoleTestCases"/>
  <testcase name="createRoleAndReset" time="35.152" classname="com.wmAutomationArti.testCases.ManageRolesCreateRoleTestCases"/>
</testsuite> <!-- com.wmAutomationArti.testCases.ManageRolesCreateRoleTestCases -->
